#
# A fatal error has been detected by the Java Runtime Environment:
#
#  SIGFPE (0x8) at pc=0x000000011280c608, pid=1139, tid=0x000000000000a053
#
# JRE version: OpenJDK Runtime Environment (8.0_282-b08) (build 1.8.0_282-b08)
# Java VM: OpenJDK 64-Bit Server VM (25.282-b08 mixed mode bsd-amd64 compressed oops)
# Problematic frame:
# j  codingInterview.chapt13.Problem2_finallyTest.foo()Ljava/lang/String;+9
#
# Failed to write core dump. Core dumps have been disabled. To enable core dumping, try "ulimit -c unlimited" before starting Java again
#
# If you would like to submit a bug report, please include
# instructions on how to reproduce the bug and visit:
#   https://github.com/corretto/corretto-8/issues/
#

---------------  T H R E A D  ---------------

Current thread (0x00007fe53231a800):  JavaThread "Test worker" [_thread_in_Java, id=41043, stack(0x000000030ee70000,0x000000030ef70000)]

siginfo: si_signo: 8 (SIGFPE), si_code: 5 (FPE_FLTINV), si_addr: 0x000000011280c608

Registers:
RAX=0x0000000000000005, RBX=0x000000000000006c, RCX=0x0000000000000000, RDX=0x0000000000000000
RSP=0x000000030ef6bfb8, RBP=0x000000030ef6bff8, RSI=0x000000030ef6bf58, RDI=0x00007fe53231a800
R8 =0x00000001233c5e20, R9 =0x0000000000000028, R10=0x0000000111744470, R11=0x000000011295f918
R12=0x0000000000000000, R13=0x00000001232c076e, R14=0x000000030ef6c030, R15=0x00007fe53231a800
RIP=0x000000011280c608, EFLAGS=0x0000000000000a87, ERR=0x0000000000000000
  TRAPNO=0x0000000000000000

Top of Stack: (sp=0x000000030ef6bfb8)
0x000000030ef6bfb8:   000000030ef6bfb8 00000001232c0769
0x000000030ef6bfc8:   000000030ef6c030 0000000125caaf68
0x000000030ef6bfd8:   0000000000000000 00000001232c0828
0x000000030ef6bfe8:   0000000000000000 000000030ef6c030
0x000000030ef6bff8:   000000030ef6c078 00000001127f7d80
0x000000030ef6c008:   0000000000000000 0000000000000000
0x000000030ef6c018:   0000000000000000 0000000000000005
0x000000030ef6c028:   0000000000000000 00000007b73ab290
0x000000030ef6c038:   000000030ef6c038 00000001232c06a1
0x000000030ef6c048:   000000030ef6c090 0000000125caaf68
0x000000030ef6c058:   0000000000000000 00000001232c06d8
0x000000030ef6c068:   000000030ef6c030 000000030ef6c090
0x000000030ef6c078:   000000030ef6c0d8 00000001127f7ffd
0x000000030ef6c088:   0000000000000000 00000007b73ab290
0x000000030ef6c098:   000000030ef6c098 00000001232c05d9
0x000000030ef6c0a8:   000000030ef6c0e8 0000000125caaf68
0x000000030ef6c0b8:   0000000000000000 00000001232c05f8
0x000000030ef6c0c8:   000000030ef6c090 000000030ef6c0e8
0x000000030ef6c0d8:   000000030ef6c150 00000001127f04e7
0x000000030ef6c0e8:   00000007b73ab290 0000000000001fa0
0x000000030ef6c0f8:   000000000000000e 00007fe53231a800
0x000000030ef6c108:   000000030ef6c428 00000001232c05f8
0x000000030ef6c118:   00007fe53231a800 000000030ef6c1f0
0x000000030ef6c128:   000000030ef6c338 00007fe50000000a
0x000000030ef6c138:   00000001232c05f8 0000000112803340
0x000000030ef6c148:   000000030ef6c430 000000030ef6c2c0
0x000000030ef6c158:   00000001112dd6ed 0000000300000001
0x000000030ef6c168:   00007fe53231a800 000000030ef6c338
0x000000030ef6c178:   0000000a31c86f70 0000000112803340
0x000000030ef6c188:   00000001127f045f 00007fe53231a800
0x000000030ef6c198:   000000030ef6c428 000000030ef6c330
0x000000030ef6c1a8:   00007fe53231a800 00007fe531c87ad0 

Instructions: (pc=0x000000011280c608)
0x000000011280c5e8:   c8 8b 04 24 48 83 c4 08 81 f8 00 00 00 80 0f 85
0x000000011280c5f8:   0b 00 00 00 33 d2 83 f9 ff 0f 84 03 00 00 00 99
0x000000011280c608:   f7 f9 41 0f b6 5d 01 49 ff c5 49 ba 70 44 74 11
0x000000011280c618:   01 00 00 00 41 ff 24 da 80 00 00 00 00 00 00 00 

Register to memory mapping:

RAX=0x0000000000000005 is an unknown value
RBX=0x000000000000006c is an unknown value
RCX=0x0000000000000000 is an unknown value
RDX=0x0000000000000000 is an unknown value
RSP=0x000000030ef6bfb8 is pointing into the stack for thread: 0x00007fe53231a800
RBP=0x000000030ef6bff8 is pointing into the stack for thread: 0x00007fe53231a800
RSI=0x000000030ef6bf58 is pointing into the stack for thread: 0x00007fe53231a800
RDI=0x00007fe53231a800 is a thread
R8 =0x00000001233c5e20 is pointing into metadata
R9 =0x0000000000000028 is an unknown value
R10=0x0000000111744470: _ZN19TemplateInterpreter13_active_tableE+0x2000 in /Users/gimmingyun/Library/Java/JavaVirtualMachines/corretto-1.8.0_282/Contents/Home/jre/lib/server/libjvm.dylib at 0x0000000111000000
R11=0x000000011295f918 is at entry_point+24 in (nmethod*)0x000000011295f790
R12=0x0000000000000000 is an unknown value
R13=0x00000001232c076e is pointing into metadata
R14=0x000000030ef6c030 is pointing into the stack for thread: 0x00007fe53231a800
R15=0x00007fe53231a800 is a thread


Stack: [0x000000030ee70000,0x000000030ef70000],  sp=0x000000030ef6bfb8,  free space=1007k
Native frames: (J=compiled Java code, j=interpreted, Vv=VM code, C=native code)
j  codingInterview.chapt13.Problem2_finallyTest.foo()Ljava/lang/String;+9
j  codingInterview.chapt13.Problem2_finallyTest.bar()V+9
j  codingInterview.chapt13.Problem2_finallyTest.call()V+1
v  ~StubRoutines::call_stub
V  [libjvm.dylib+0x2dd6ed]  JavaCalls::call_helper(JavaValue*, methodHandle*, JavaCallArguments*, Thread*)+0x5f1
V  [libjvm.dylib+0x4ee606]  Reflection::invoke(instanceKlassHandle, methodHandle, Handle, bool, objArrayHandle, BasicType, objArrayHandle, bool, Thread*)+0x9f0
V  [libjvm.dylib+0x4eeebc]  Reflection::invoke_method(oopDesc*, Handle, objArrayHandle, Thread*)+0x150
V  [libjvm.dylib+0x353ea2]  JVM_InvokeMethod+0x1ed
j  sun.reflect.NativeMethodAccessorImpl.invoke0(Ljava/lang/reflect/Method;Ljava/lang/Object;[Ljava/lang/Object;)Ljava/lang/Object;+0
j  sun.reflect.NativeMethodAccessorImpl.invoke(Ljava/lang/Object;[Ljava/lang/Object;)Ljava/lang/Object;+100
j  sun.reflect.DelegatingMethodAccessorImpl.invoke(Ljava/lang/Object;[Ljava/lang/Object;)Ljava/lang/Object;+6
j  java.lang.reflect.Method.invoke(Ljava/lang/Object;[Ljava/lang/Object;)Ljava/lang/Object;+56
j  org.junit.platform.commons.util.ReflectionUtils.invokeMethod(Ljava/lang/reflect/Method;Ljava/lang/Object;[Ljava/lang/Object;)Ljava/lang/Object;+41
j  org.junit.jupiter.engine.execution.MethodInvocation.proceed()Ljava/lang/Object;+16
j  org.junit.jupiter.engine.execution.InvocationInterceptorChain$ValidatingInvocation.proceed()Ljava/lang/Object;+8
j  org.junit.jupiter.engine.extension.TimeoutExtension.intercept(Lorg/junit/jupiter/api/extension/InvocationInterceptor$Invocation;Lorg/junit/jupiter/api/extension/ReflectiveInvocationContext;Lorg/junit/jupiter/api/extension/ExtensionContext;Lorg/junit/jupiter/engine/extension/TimeoutDuration;Lorg/junit/jupiter/engine/extension/TimeoutExtension$TimeoutProvider;)Ljava/lang/Object;+28
j  org.junit.jupiter.engine.extension.TimeoutExtension.interceptTestableMethod(Lorg/junit/jupiter/api/extension/InvocationInterceptor$Invocation;Lorg/junit/jupiter/api/extension/ReflectiveInvocationContext;Lorg/junit/jupiter/api/extension/ExtensionContext;Lorg/junit/jupiter/engine/extension/TimeoutExtension$TimeoutProvider;)Ljava/lang/Object;+31
j  org.junit.jupiter.engine.extension.TimeoutExtension.interceptTestMethod(Lorg/junit/jupiter/api/extension/InvocationInterceptor$Invocation;Lorg/junit/jupiter/api/extension/ReflectiveInvocationContext;Lorg/junit/jupiter/api/extension/ExtensionContext;)V+9
j  org.junit.jupiter.engine.descriptor.TestMethodTestDescriptor$$Lambda$107.apply(Lorg/junit/jupiter/api/extension/InvocationInterceptor;Lorg/junit/jupiter/api/extension/InvocationInterceptor$Invocation;Lorg/junit/jupiter/api/extension/ReflectiveInvocationContext;Lorg/junit/jupiter/api/extension/ExtensionContext;)V+5
j  org.junit.jupiter.engine.execution.ExecutableInvoker$ReflectiveInterceptorCall.lambda$ofVoidMethod$0(Lorg/junit/jupiter/engine/execution/ExecutableInvoker$ReflectiveInterceptorCall$VoidMethodInterceptorCall;Lorg/junit/jupiter/api/extension/InvocationInterceptor;Lorg/junit/jupiter/api/extension/InvocationInterceptor$Invocation;Lorg/junit/jupiter/api/extension/ReflectiveInvocationContext;Lorg/junit/jupiter/api/extension/ExtensionContext;)Ljava/lang/Void;+6
j  org.junit.jupiter.engine.execution.ExecutableInvoker$ReflectiveInterceptorCall$$Lambda$108.apply(Lorg/junit/jupiter/api/extension/InvocationInterceptor;Lorg/junit/jupiter/api/extension/InvocationInterceptor$Invocation;Lorg/junit/jupiter/api/extension/ReflectiveInvocationContext;Lorg/junit/jupiter/api/extension/ExtensionContext;)Ljava/lang/Object;+9
j  org.junit.jupiter.engine.execution.ExecutableInvoker.lambda$invoke$0(Lorg/junit/jupiter/engine/execution/ExecutableInvoker$ReflectiveInterceptorCall;Lorg/junit/jupiter/api/extension/ReflectiveInvocationContext;Lorg/junit/jupiter/api/extension/ExtensionContext;Lorg/junit/jupiter/api/extension/InvocationInterceptor;Lorg/junit/jupiter/api/extension/InvocationInterceptor$Invocation;)Ljava/lang/Object;+6
j  org.junit.jupiter.engine.execution.ExecutableInvoker$$Lambda$238.apply(Lorg/junit/jupiter/api/extension/InvocationInterceptor;Lorg/junit/jupiter/api/extension/InvocationInterceptor$Invocation;)Ljava/lang/Object;+14
j  org.junit.jupiter.engine.execution.InvocationInterceptorChain$InterceptedInvocation.proceed()Ljava/lang/Object;+12
j  org.junit.jupiter.engine.execution.InvocationInterceptorChain.proceed(Lorg/junit/jupiter/api/extension/InvocationInterceptor$Invocation;)Ljava/lang/Object;+1
j  org.junit.jupiter.engine.execution.InvocationInterceptorChain.chainAndInvoke(Lorg/junit/jupiter/api/extension/InvocationInterceptor$Invocation;Lorg/junit/jupiter/engine/execution/InvocationInterceptorChain$InterceptorCall;Ljava/util/List;)Ljava/lang/Object;+24
j  org.junit.jupiter.engine.execution.InvocationInterceptorChain.invoke(Lorg/junit/jupiter/api/extension/InvocationInterceptor$Invocation;Lorg/junit/jupiter/engine/extension/ExtensionRegistry;Lorg/junit/jupiter/engine/execution/InvocationInterceptorChain$InterceptorCall;)Ljava/lang/Object;+31
j  org.junit.jupiter.engine.execution.ExecutableInvoker.invoke(Lorg/junit/jupiter/api/extension/InvocationInterceptor$Invocation;Lorg/junit/jupiter/api/extension/ReflectiveInvocationContext;Lorg/junit/jupiter/api/extension/ExtensionContext;Lorg/junit/jupiter/engine/extension/ExtensionRegistry;Lorg/junit/jupiter/engine/execution/ExecutableInvoker$ReflectiveInterceptorCall;)Ljava/lang/Object;+15
j  org.junit.jupiter.engine.execution.ExecutableInvoker.invoke(Ljava/lang/reflect/Method;Ljava/lang/Object;Lorg/junit/jupiter/api/extension/ExtensionContext;Lorg/junit/jupiter/engine/extension/ExtensionRegistry;Lorg/junit/jupiter/engine/execution/ExecutableInvoker$ReflectiveInterceptorCall;)Ljava/lang/Object;+56
j  org.junit.jupiter.engine.descriptor.TestMethodTestDescriptor.lambda$invokeTestMethod$6(Lorg/junit/jupiter/api/extension/ExtensionContext;Lorg/junit/jupiter/engine/execution/JupiterEngineExecutionContext;)V+28
j  org.junit.jupiter.engine.descriptor.TestMethodTestDescriptor$$Lambda$249.execute()V+12
j  org.junit.platform.engine.support.hierarchical.ThrowableCollector.execute(Lorg/junit/platform/engine/support/hierarchical/ThrowableCollector$Executable;)V+1
j  org.junit.jupiter.engine.descriptor.TestMethodTestDescriptor.invokeTestMethod(Lorg/junit/jupiter/engine/execution/JupiterEngineExecutionContext;Lorg/junit/platform/engine/support/hierarchical/Node$DynamicTestExecutor;)V+21
j  org.junit.jupiter.engine.descriptor.TestMethodTestDescriptor.execute(Lorg/junit/jupiter/engine/execution/JupiterEngineExecutionContext;Lorg/junit/platform/engine/support/hierarchical/Node$DynamicTestExecutor;)Lorg/junit/jupiter/engine/execution/JupiterEngineExecutionContext;+44
j  org.junit.jupiter.engine.descriptor.TestMethodTestDescriptor.execute(Lorg/junit/platform/engine/support/hierarchical/EngineExecutionContext;Lorg/junit/platform/engine/support/hierarchical/Node$DynamicTestExecutor;)Lorg/junit/platform/engine/support/hierarchical/EngineExecutionContext;+6
j  org.junit.platform.engine.support.hierarchical.NodeTestTask.lambda$executeRecursively$5()V+79
j  org.junit.platform.engine.support.hierarchical.NodeTestTask$$Lambda$181.execute()V+4
j  org.junit.platform.engine.support.hierarchical.ThrowableCollector.execute(Lorg/junit/platform/engine/support/hierarchical/ThrowableCollector$Executable;)V+1
j  org.junit.platform.engine.support.hierarchical.NodeTestTask.lambda$executeRecursively$7(Lorg/junit/platform/engine/support/hierarchical/EngineExecutionContext;)V+15
j  org.junit.platform.engine.support.hierarchical.NodeTestTask$$Lambda$180.invoke(Lorg/junit/platform/engine/support/hierarchical/EngineExecutionContext;)V+5
j  org.junit.platform.engine.support.hierarchical.Node.around(Lorg/junit/platform/engine/support/hierarchical/EngineExecutionContext;Lorg/junit/platform/engine/support/hierarchical/Node$Invocation;)V+2
j  org.junit.platform.engine.support.hierarchical.NodeTestTask.lambda$executeRecursively$8()V+14
j  org.junit.platform.engine.support.hierarchical.NodeTestTask$$Lambda$179.execute()V+4
j  org.junit.platform.engine.support.hierarchical.ThrowableCollector.execute(Lorg/junit/platform/engine/support/hierarchical/ThrowableCollector$Executable;)V+1
j  org.junit.platform.engine.support.hierarchical.NodeTestTask.executeRecursively()V+31
j  org.junit.platform.engine.support.hierarchical.NodeTestTask.execute()V+55
j  org.junit.platform.engine.support.hierarchical.SameThreadHierarchicalTestExecutorService$$Lambda$185.accept(Ljava/lang/Object;)V+4
j  java.util.ArrayList.forEach(Ljava/util/function/Consumer;)V+47
j  org.junit.platform.engine.support.hierarchical.SameThreadHierarchicalTestExecutorService.invokeAll(Ljava/util/List;)V+6
j  org.junit.platform.engine.support.hierarchical.NodeTestTask.lambda$executeRecursively$5()V+116
j  org.junit.platform.engine.support.hierarchical.NodeTestTask$$Lambda$181.execute()V+4
j  org.junit.platform.engine.support.hierarchical.ThrowableCollector.execute(Lorg/junit/platform/engine/support/hierarchical/ThrowableCollector$Executable;)V+1
j  org.junit.platform.engine.support.hierarchical.NodeTestTask.lambda$executeRecursively$7(Lorg/junit/platform/engine/support/hierarchical/EngineExecutionContext;)V+15
j  org.junit.platform.engine.support.hierarchical.NodeTestTask$$Lambda$180.invoke(Lorg/junit/platform/engine/support/hierarchical/EngineExecutionContext;)V+5
j  org.junit.platform.engine.support.hierarchical.Node.around(Lorg/junit/platform/engine/support/hierarchical/EngineExecutionContext;Lorg/junit/platform/engine/support/hierarchical/Node$Invocation;)V+2
j  org.junit.platform.engine.support.hierarchical.NodeTestTask.lambda$executeRecursively$8()V+14
j  org.junit.platform.engine.support.hierarchical.NodeTestTask$$Lambda$179.execute()V+4
j  org.junit.platform.engine.support.hierarchical.ThrowableCollector.execute(Lorg/junit/platform/engine/support/hierarchical/ThrowableCollector$Executable;)V+1
j  org.junit.platform.engine.support.hierarchical.NodeTestTask.executeRecursively()V+31
j  org.junit.platform.engine.support.hierarchical.NodeTestTask.execute()V+55
j  org.junit.platform.engine.support.hierarchical.SameThreadHierarchicalTestExecutorService$$Lambda$185.accept(Ljava/lang/Object;)V+4
j  java.util.ArrayList.forEach(Ljava/util/function/Consumer;)V+47
j  org.junit.platform.engine.support.hierarchical.SameThreadHierarchicalTestExecutorService.invokeAll(Ljava/util/List;)V+6
j  org.junit.platform.engine.support.hierarchical.NodeTestTask.lambda$executeRecursively$5()V+116
j  org.junit.platform.engine.support.hierarchical.NodeTestTask$$Lambda$181.execute()V+4
j  org.junit.platform.engine.support.hierarchical.ThrowableCollector.execute(Lorg/junit/platform/engine/support/hierarchical/ThrowableCollector$Executable;)V+1
j  org.junit.platform.engine.support.hierarchical.NodeTestTask.lambda$executeRecursively$7(Lorg/junit/platform/engine/support/hierarchical/EngineExecutionContext;)V+15
j  org.junit.platform.engine.support.hierarchical.NodeTestTask$$Lambda$180.invoke(Lorg/junit/platform/engine/support/hierarchical/EngineExecutionContext;)V+5
j  org.junit.platform.engine.support.hierarchical.Node.around(Lorg/junit/platform/engine/support/hierarchical/EngineExecutionContext;Lorg/junit/platform/engine/support/hierarchical/Node$Invocation;)V+2
j  org.junit.platform.engine.support.hierarchical.NodeTestTask.lambda$executeRecursively$8()V+14
j  org.junit.platform.engine.support.hierarchical.NodeTestTask$$Lambda$179.execute()V+4
j  org.junit.platform.engine.support.hierarchical.ThrowableCollector.execute(Lorg/junit/platform/engine/support/hierarchical/ThrowableCollector$Executable;)V+1
j  org.junit.platform.engine.support.hierarchical.NodeTestTask.executeRecursively()V+31
j  org.junit.platform.engine.support.hierarchical.NodeTestTask.execute()V+55
j  org.junit.platform.engine.support.hierarchical.SameThreadHierarchicalTestExecutorService.submit(Lorg/junit/platform/engine/support/hierarchical/HierarchicalTestExecutorService$TestTask;)Ljava/util/concurrent/Future;+1
j  org.junit.platform.engine.support.hierarchical.HierarchicalTestExecutor.execute()Ljava/util/concurrent/Future;+74
j  org.junit.platform.engine.support.hierarchical.HierarchicalTestEngine.execute(Lorg/junit/platform/engine/ExecutionRequest;)V+31
j  org.junit.platform.launcher.core.DefaultLauncher.execute(Lorg/junit/platform/engine/TestDescriptor;Lorg/junit/platform/engine/EngineExecutionListener;Lorg/junit/platform/engine/ConfigurationParameters;Lorg/junit/platform/engine/TestEngine;)V+24
j  org.junit.platform.launcher.core.DefaultLauncher.lambda$execute$5(Lorg/junit/platform/launcher/core/InternalTestPlan;Lorg/junit/platform/launcher/core/Root;Lorg/junit/platform/engine/ConfigurationParameters;Lorg/junit/platform/launcher/TestExecutionListener;)V+105
j  org.junit.platform.launcher.core.DefaultLauncher$$Lambda$145.accept(Ljava/lang/Object;)V+20
j  org.junit.platform.launcher.core.DefaultLauncher.withInterceptedStreams(Lorg/junit/platform/engine/ConfigurationParameters;Lorg/junit/platform/launcher/core/TestExecutionListenerRegistry;Ljava/util/function/Consumer;)V+43
j  org.junit.platform.launcher.core.DefaultLauncher.execute(Lorg/junit/platform/launcher/core/InternalTestPlan;[Lorg/junit/platform/launcher/TestExecutionListener;)V+33
j  org.junit.platform.launcher.core.DefaultLauncher.execute(Lorg/junit/platform/launcher/LauncherDiscoveryRequest;[Lorg/junit/platform/launcher/TestExecutionListener;)V+33
j  org.gradle.api.internal.tasks.testing.junitplatform.JUnitPlatformTestClassProcessor$CollectAllTestClassesExecutor.processAllTestClasses()V+58
j  org.gradle.api.internal.tasks.testing.junitplatform.JUnitPlatformTestClassProcessor$CollectAllTestClassesExecutor.access$000(Lorg/gradle/api/internal/tasks/testing/junitplatform/JUnitPlatformTestClassProcessor$CollectAllTestClassesExecutor;)V+1
j  org.gradle.api.internal.tasks.testing.junitplatform.JUnitPlatformTestClassProcessor.stop()V+4
j  org.gradle.api.internal.tasks.testing.SuiteTestClassProcessor.stop()V+4
v  ~StubRoutines::call_stub
V  [libjvm.dylib+0x2dd6ed]  JavaCalls::call_helper(JavaValue*, methodHandle*, JavaCallArguments*, Thread*)+0x5f1
V  [libjvm.dylib+0x4ee606]  Reflection::invoke(instanceKlassHandle, methodHandle, Handle, bool, objArrayHandle, BasicType, objArrayHandle, bool, Thread*)+0x9f0
V  [libjvm.dylib+0x4eeebc]  Reflection::invoke_method(oopDesc*, Handle, objArrayHandle, Thread*)+0x150
V  [libjvm.dylib+0x353ea2]  JVM_InvokeMethod+0x1ed
j  sun.reflect.NativeMethodAccessorImpl.invoke0(Ljava/lang/reflect/Method;Ljava/lang/Object;[Ljava/lang/Object;)Ljava/lang/Object;+0
j  sun.reflect.NativeMethodAccessorImpl.invoke(Ljava/lang/Object;[Ljava/lang/Object;)Ljava/lang/Object;+100
j  sun.reflect.DelegatingMethodAccessorImpl.invoke(Ljava/lang/Object;[Ljava/lang/Object;)Ljava/lang/Object;+6
j  java.lang.reflect.Method.invoke(Ljava/lang/Object;[Ljava/lang/Object;)Ljava/lang/Object;+56
j  org.gradle.internal.dispatch.ReflectionDispatch.dispatch(Lorg/gradle/internal/dispatch/MethodInvocation;)V+19
j  org.gradle.internal.dispatch.ReflectionDispatch.dispatch(Ljava/lang/Object;)V+5
j  org.gradle.internal.dispatch.ContextClassLoaderDispatch.dispatch(Ljava/lang/Object;)V+22
j  org.gradle.internal.dispatch.ProxyDispatchAdapter$DispatchingInvocationHandler.invoke(Ljava/lang/Object;Ljava/lang/reflect/Method;[Ljava/lang/Object;)Ljava/lang/Object;+177
...<more frames>...


---------------  P R O C E S S  ---------------

Java Threads: ( => current thread )
  0x00007fe5324dd800 JavaThread "/127.0.0.1:49514 to /127.0.0.1:49513 workers Thread 3" [_thread_in_native, id=26371, stack(0x000000030f076000,0x000000030f176000)]
  0x00007fe5324e5000 JavaThread "/127.0.0.1:49514 to /127.0.0.1:49513 workers Thread 2" [_thread_blocked, id=40511, stack(0x000000030ef73000,0x000000030f073000)]
=>0x00007fe53231a800 JavaThread "Test worker" [_thread_in_Java, id=41043, stack(0x000000030ee70000,0x000000030ef70000)]
  0x00007fe533899000 JavaThread "Service Thread" daemon [_thread_blocked, id=24583, stack(0x000000030ec6a000,0x000000030ed6a000)]
  0x00007fe522008800 JavaThread "C1 CompilerThread3" daemon [_thread_blocked, id=24067, stack(0x000000030eb67000,0x000000030ec67000)]
  0x00007fe532092000 JavaThread "C2 CompilerThread2" daemon [_thread_blocked, id=41987, stack(0x000000030ea64000,0x000000030eb64000)]
  0x00007fe532091000 JavaThread "C2 CompilerThread1" daemon [_thread_blocked, id=42499, stack(0x000000030e961000,0x000000030ea61000)]
  0x00007fe532090000 JavaThread "C2 CompilerThread0" daemon [_thread_blocked, id=42755, stack(0x000000030e85e000,0x000000030e95e000)]
  0x00007fe532079000 JavaThread "Signal Dispatcher" daemon [_thread_blocked, id=43011, stack(0x000000030e75b000,0x000000030e85b000)]
  0x00007fe532028800 JavaThread "Finalizer" daemon [_thread_blocked, id=17435, stack(0x000000030e548000,0x000000030e648000)]
  0x00007fe532025800 JavaThread "Reference Handler" daemon [_thread_blocked, id=13091, stack(0x000000030e445000,0x000000030e545000)]
  0x00007fe532012000 JavaThread "main" [_thread_blocked, id=7427, stack(0x000000030da27000,0x000000030db27000)]

Other Threads:
  0x00007fe53384f000 VMThread [stack: 0x000000030e342000,0x000000030e442000] [id=17667]
  0x00007fe53202c800 WatcherThread [stack: 0x000000030ed6d000,0x000000030ee6d000] [id=25091]

VM state:not at safepoint (normal execution)

VM Mutex/Monitor currently owned by a thread: None

heap address: 0x00000007a0000000, size: 512 MB, Compressed Oops mode: Zero based, Oop shift amount: 3
Narrow klass base: 0x0000000000000000, Narrow klass shift: 3
Compressed class space size: 1073741824 Address: 0x00000007c0000000

Heap:
 PSYoungGen      total 38400K, used 31967K [0x00000007b5580000, 0x00000007b8000000, 0x00000007c0000000)
  eden space 33280K, 96% used [0x00000007b5580000,0x00000007b74b7e50,0x00000007b7600000)
  from space 5120K, 0% used [0x00000007b7b00000,0x00000007b7b00000,0x00000007b8000000)
  to   space 5120K, 0% used [0x00000007b7600000,0x00000007b7600000,0x00000007b7b00000)
 ParOldGen       total 87552K, used 0K [0x00000007a0000000, 0x00000007a5580000, 0x00000007b5580000)
  object space 87552K, 0% used [0x00000007a0000000,0x00000007a0000000,0x00000007a5580000)
 Metaspace       used 11007K, capacity 11962K, committed 12032K, reserved 1058816K
  class space    used 1502K, capacity 1723K, committed 1792K, reserved 1048576K

Card table byte_map: [0x0000000121bb0000,0x0000000121cb1000] byte_map_base: 0x000000011deb0000

Marking Bits: (ParMarkBitMap*) 0x0000000111741478
 Begin Bits: [0x0000000121da2000, 0x00000001225a2000)
 End Bits:   [0x00000001225a2000, 0x0000000122da2000)

Polling page: 0x000000010cf1d000

CodeCache: size=245760Kb used=3727Kb max_used=3727Kb free=242032Kb
 bounds [0x00000001127f0000, 0x0000000112ba0000, 0x00000001217f0000]
 total_blobs=1354 nmethods=1021 adapters=248
 compilation: enabled

Compilation events (10 events):
Event: 0.960 Thread 0x00007fe522008800 nmethod 1015 0x0000000112b90350 code [0x0000000112b904c0, 0x0000000112b90790]
Event: 0.960 Thread 0x00007fe522008800 1016       3       java.lang.invoke.LambdaForm$DMH/2030562336::invokeStatic_L6_L (24 bytes)
Event: 0.961 Thread 0x00007fe522008800 nmethod 1016 0x0000000112b908d0 code [0x0000000112b90a60, 0x0000000112b91018]
Event: 0.961 Thread 0x00007fe522008800 1017       3       java.lang.invoke.LambdaForm$MH/796684896::invoke_MT (34 bytes)
Event: 0.961 Thread 0x00007fe522008800 nmethod 1017 0x0000000112b91790 code [0x0000000112b91980, 0x0000000112b927f8]
Event: 0.961 Thread 0x00007fe522008800 1018       3       java.lang.invoke.LambdaMetafactory::metafactory (35 bytes)
Event: 0.962 Thread 0x00007fe532090000 nmethod 1011 0x0000000112b93fd0 code [0x0000000112b942c0, 0x0000000112b94d98]
Event: 0.962 Thread 0x00007fe522008800 nmethod 1018 0x0000000112b91190 code [0x0000000112b91320, 0x0000000112b91628]
Event: 0.964 Thread 0x00007fe522008800 1019       3       java.lang.CharacterData::of (120 bytes)
Event: 0.964 Thread 0x00007fe522008800 nmethod 1019 0x0000000112b936d0 code [0x0000000112b93880, 0x0000000112b93d90]

GC Heap History (0 events):
No events

Deoptimization events (5 events):
Event: 0.415 Thread 0x00007fe532012000 Uncommon trap: reason=null_check action=make_not_entrant pc=0x0000000112907118 method=java.lang.String.equals(Ljava/lang/Object;)Z @ 8
Event: 0.424 Thread 0x00007fe532012000 Uncommon trap: reason=unstable_if action=reinterpret pc=0x00000001129948ec method=java.lang.String.replace(CC)Ljava/lang/String; @ 26
Event: 0.522 Thread 0x00007fe532012000 Uncommon trap: reason=unstable_if action=reinterpret pc=0x0000000112a2e730 method=java.util.HashMap.getNode(ILjava/lang/Object;)Ljava/util/HashMap$Node; @ 129
Event: 0.870 Thread 0x00007fe53231a800 Uncommon trap: reason=unstable_if action=reinterpret pc=0x0000000112b1e874 method=jdk.internal.org.objectweb.asm.Type.getArgumentsAndReturnSizes(Ljava/lang/String;)I @ 88
Event: 0.954 Thread 0x00007fe53231a800 Uncommon trap: reason=unstable_if action=reinterpret pc=0x0000000112a02da0 method=java.lang.CharacterData.of(I)Ljava/lang/CharacterData; @ 4

Classes redefined (0 events):
No events

Internal exceptions (10 events):
Event: 0.820 Thread 0x00007fe53231a800 Exception <a 'java/lang/IncompatibleClassChangeError': Found class java.lang.Object, but interface was expected> (0x00000007b6e47180) thrown at [/corretto/workspace/corretto8-repo/installers/mac/tar/corretto-build/buildRoot/src/hotspot/src/share/vm/interp
Event: 0.822 Thread 0x00007fe53231a800 Exception <a 'java/lang/NoSuchMethodError': java.lang.Object.lambda$ofVoidMethod$0(Lorg/junit/jupiter/engine/execution/ExecutableInvoker$ReflectiveInterceptorCall$VoidMethodInterceptorCall;Lorg/junit/jupiter/api/extension/InvocationInterceptor;Lorg/junit/
Event: 0.828 Thread 0x00007fe53231a800 Exception <a 'java/lang/IncompatibleClassChangeError': Found class java.lang.Object, but interface was expected> (0x00000007b6e92370) thrown at [/corretto/workspace/corretto8-repo/installers/mac/tar/corretto-build/buildRoot/src/hotspot/src/share/vm/interp
Event: 0.829 Thread 0x00007fe53231a800 Exception <a 'java/lang/NoSuchMethodError': java.lang.Object.lambda$accept$0(Lorg/junit/platform/engine/TestDescriptor$Visitor;Lorg/junit/platform/engine/TestDescriptor;)V> (0x00000007b6e966f8) thrown at [/corretto/workspace/corretto8-repo/installers/mac/
Event: 0.833 Thread 0x00007fe53231a800 Exception <a 'java/lang/NoSuchMethodError': java.lang.Object.containsTests(Lorg/junit/platform/engine/TestDescriptor;)Z> (0x00000007b6ec9988) thrown at [/corretto/workspace/corretto8-repo/installers/mac/tar/corretto-build/buildRoot/src/hotspot/src/share/v
Event: 0.856 Thread 0x00007fe53231a800 Exception <a 'java/lang/IncompatibleClassChangeError': Found class java.lang.Object, but interface was expected> (0x00000007b6f7a4f8) thrown at [/corretto/workspace/corretto8-repo/installers/mac/tar/corretto-build/buildRoot/src/hotspot/src/share/vm/interp
Event: 0.869 Thread 0x00007fe53231a800 Exception <a 'java/lang/NoSuchMethodError': java.lang.Object.lambda$comparing$77a9974f$1(Ljava/util/function/Function;Ljava/lang/Object;Ljava/lang/Object;)I> (0x00000007b7050000) thrown at [/corretto/workspace/corretto8-repo/installers/mac/tar/corretto-bu
Event: 0.874 Thread 0x00007fe53231a800 Exception <a 'java/lang/NoSuchMethodError': java.lang.Object.lambda$thenComparing$36697e65$1(Ljava/util/Comparator;Ljava/lang/Object;Ljava/lang/Object;)I> (0x00000007b706a5c0) thrown at [/corretto/workspace/corretto8-repo/installers/mac/tar/corretto-build
Event: 0.905 Thread 0x00007fe53231a800 Exception <a 'java/lang/NoSuchMethodError': java.lang.Object.lambda$and$0(Ljava/util/function/Predicate;Ljava/lang/Object;)Z> (0x00000007b724b8d0) thrown at [/corretto/workspace/corretto8-repo/installers/mac/tar/corretto-build/buildRoot/src/hotspot/src/sh
Event: 0.939 Thread 0x00007fe53231a800 Exception <a 'java/lang/IncompatibleClassChangeError': Found class java.lang.Object, but interface was expected> (0x00000007b737f2d0) thrown at [/corretto/workspace/corretto8-repo/installers/mac/tar/corretto-build/buildRoot/src/hotspot/src/share/vm/interp

Events (10 events):
Event: 0.962 loading class org/gradle/internal/io/StreamByteBuffer
Event: 0.962 loading class org/gradle/internal/io/StreamByteBuffer done
Event: 0.963 loading class java/nio/charset/CharacterCodingException
Event: 0.963 loading class java/nio/charset/CharacterCodingException done
Event: 0.963 loading class org/gradle/internal/io/StreamByteBuffer$StreamByteBufferOutputStream
Event: 0.963 loading class org/gradle/internal/io/StreamByteBuffer$StreamByteBufferOutputStream done
Event: 0.963 loading class org/gradle/internal/io/StreamByteBuffer$StreamByteBufferInputStream
Event: 0.963 loading class org/gradle/internal/io/StreamByteBuffer$StreamByteBufferInputStream done
Event: 0.964 loading class org/gradle/internal/io/StreamByteBuffer$StreamByteBufferChunk
Event: 0.964 loading class org/gradle/internal/io/StreamByteBuffer$StreamByteBufferChunk done


Dynamic libraries:
0x00007ffdffdcb000 	/Library/Apple/usr/libexec/oah/runtime
0x00007fff3527e000 	/System/Library/Frameworks/Cocoa.framework/Versions/A/Cocoa
0x00007fff2213d000 	/System/Library/Frameworks/Security.framework/Versions/A/Security
0x00007fff3347d000 	/System/Library/Frameworks/ApplicationServices.framework/Versions/A/ApplicationServices
0x00007fff2a5e0000 	/usr/lib/libz.1.dylib
0x00007fff2a6ac000 	/usr/lib/libSystem.B.dylib
0x00007fff203d0000 	/System/Library/Frameworks/CoreFoundation.framework/Versions/A/CoreFoundation
0x00007fff210b2000 	/System/Library/Frameworks/Foundation.framework/Versions/C/Foundation
0x00007fff201ef000 	/usr/lib/libobjc.A.dylib
0x00007fff22b63000 	/System/Library/Frameworks/AppKit.framework/Versions/C/AppKit
0x00007fff25a1f000 	/System/Library/Frameworks/CoreData.framework/Versions/A/CoreData
0x00007fff238c6000 	/System/Library/PrivateFrameworks/UIFoundation.framework/Versions/A/UIFoundation
0x00007fff2fe61000 	/System/Library/PrivateFrameworks/RemoteViewServices.framework/Versions/A/RemoteViewServices
0x00007fff28bfd000 	/System/Library/PrivateFrameworks/XCTTargetBootstrap.framework/Versions/A/XCTTargetBootstrap
0x00007fff2b949000 	/usr/lib/libspindump.dylib
0x00007fff23b1a000 	/System/Library/Frameworks/UniformTypeIdentifiers.framework/Versions/A/UniformTypeIdentifiers
0x00007fff273d4000 	/usr/lib/libapp_launch_measurement.dylib
0x00007fff273d7000 	/System/Library/PrivateFrameworks/CoreAutoLayout.framework/Versions/A/CoreAutoLayout
0x00007fff2855f000 	/System/Library/Frameworks/Metal.framework/Versions/A/Metal
0x00007fff29252000 	/usr/lib/liblangid.dylib
0x00007fff28c01000 	/System/Library/PrivateFrameworks/CoreSVG.framework/Versions/A/CoreSVG
0x00007fff24b01000 	/System/Library/PrivateFrameworks/SkyLight.framework/Versions/A/SkyLight
0x00007fff24e67000 	/System/Library/Frameworks/CoreGraphics.framework/Versions/A/CoreGraphics
0x00007fff304b8000 	/System/Library/Frameworks/Accelerate.framework/Versions/A/Accelerate
0x00007fff2b384000 	/System/Library/PrivateFrameworks/IconServices.framework/Versions/A/IconServices
0x00007fff28544000 	/System/Library/Frameworks/IOSurface.framework/Versions/A/IOSurface
0x00007fff263b1000 	/usr/lib/libDiagnosticMessagesClient.dylib
0x00007fff28be9000 	/System/Library/PrivateFrameworks/DFRFoundation.framework/Versions/A/DFRFoundation
0x00007fff2248f000 	/usr/lib/libicucore.A.dylib
0x00007fff2ce89000 	/System/Library/Frameworks/AudioToolbox.framework/Versions/A/AudioToolbox
0x00007fff2c12f000 	/System/Library/PrivateFrameworks/DataDetectorsCore.framework/Versions/A/DataDetectorsCore
0x00007fff288e9000 	/System/Library/Frameworks/Carbon.framework/Versions/A/Frameworks/HIToolbox.framework/Versions/A/HIToolbox
0x00007fff26e2c000 	/System/Library/Frameworks/QuartzCore.framework/Versions/A/QuartzCore
0x00007fff2fe9d000 	/System/Library/Frameworks/Carbon.framework/Versions/A/Frameworks/SpeechRecognition.framework/Versions/A/SpeechRecognition
0x00007fff2713c000 	/System/Library/PrivateFrameworks/CoreUI.framework/Versions/A/CoreUI
0x00007fff21a99000 	/System/Library/Frameworks/CoreAudio.framework/Versions/A/CoreAudio
0x00007fff2649c000 	/System/Library/Frameworks/DiskArbitration.framework/Versions/A/DiskArbitration
0x00007fff2bd43000 	/System/Library/PrivateFrameworks/MultitouchSupport.framework/Versions/A/MultitouchSupport
0x00007fff2c126000 	/System/Library/PrivateFrameworks/InternationalSupport.framework/Versions/A/InternationalSupport
0x00007fff24a75000 	/usr/lib/libenergytrace.dylib
0x00007fff22a5d000 	/System/Library/Frameworks/IOKit.framework/Versions/A/IOKit
0x00007fff301ea000 	/System/Library/Frameworks/CoreServices.framework/Versions/A/CoreServices
0x00007fff2736a000 	/System/Library/PrivateFrameworks/PerformanceAnalysis.framework/Versions/A/PerformanceAnalysis
0x00007fff6caf3000 	/System/Library/Frameworks/OpenGL.framework/Versions/A/OpenGL
0x00007fff2c1ab000 	/System/Library/PrivateFrameworks/UserActivity.framework/Versions/A/UserActivity
0x00007fff25521000 	/System/Library/Frameworks/ColorSync.framework/Versions/A/ColorSync
0x00007fff28e69000 	/System/Library/Frameworks/CoreImage.framework/Versions/A/CoreImage
0x00007fff218b0000 	/System/Library/Frameworks/CoreText.framework/Versions/A/CoreText
0x00007fff28c2b000 	/System/Library/Frameworks/ImageIO.framework/Versions/A/ImageIO
0x00007fff2a6b2000 	/System/Library/PrivateFrameworks/SoftLinking.framework/Versions/A/SoftLinking
0x00007fff27420000 	/usr/lib/libxml2.2.dylib
0x00007fff202b5000 	/usr/lib/libc++.1.dylib
0x00007fff2a924000 	/usr/lib/libcompression.dylib
0x00007fff24a76000 	/usr/lib/libMobileGestalt.dylib
0x00007fff2c059000 	/System/Library/PrivateFrameworks/TextureIO.framework/Versions/A/TextureIO
0x00007fff2b011000 	/usr/lib/libate.dylib
0x00007fff2a6a6000 	/usr/lib/system/libcache.dylib
0x00007fff2a662000 	/usr/lib/system/libcommonCrypto.dylib
0x00007fff2a68c000 	/usr/lib/system/libcompiler_rt.dylib
0x00007fff2a681000 	/usr/lib/system/libcopyfile.dylib
0x00007fff200de000 	/usr/lib/system/libcorecrypto.dylib
0x00007fff201aa000 	/usr/lib/system/libdispatch.dylib
0x00007fff2035f000 	/usr/lib/system/libdyld.dylib
0x00007fff2a69d000 	/usr/lib/system/libkeymgr.dylib
0x00007fff2dc3b000 	/usr/lib/system/liblaunch.dylib
0x00007fff2a640000 	/usr/lib/system/libmacho.dylib
0x00007fff29e56000 	/usr/lib/system/libquarantine.dylib
0x00007fff2a69a000 	/usr/lib/system/libremovefile.dylib
0x00007fff24ad2000 	/usr/lib/system/libsystem_asl.dylib
0x00007fff2008e000 	/usr/lib/system/libsystem_blocks.dylib
0x00007fff2022c000 	/usr/lib/system/libsystem_c.dylib
0x00007fff2a694000 	/usr/lib/system/libsystem_collections.dylib
0x00007fff29243000 	/usr/lib/system/libsystem_configuration.dylib
0x00007fff28533000 	/usr/lib/system/libsystem_containermanager.dylib
0x00007fff2a3d8000 	/usr/lib/system/libsystem_coreservices.dylib
0x00007fff226f1000 	/usr/lib/system/libsystem_darwin.dylib
0x00007fff2a69e000 	/usr/lib/system/libsystem_dnssd.dylib
0x00007fff20229000 	/usr/lib/system/libsystem_featureflags.dylib
0x00007fff203a4000 	/usr/lib/system/libsystem_info.dylib
0x00007fff2a5f3000 	/usr/lib/system/libsystem_m.dylib
0x00007fff2017d000 	/usr/lib/system/libsystem_malloc.dylib
0x00007fff24a66000 	/usr/lib/system/libsystem_networkextension.dylib
0x00007fff22b0b000 	/usr/lib/system/libsystem_notify.dylib
0x00007fff300e8000 	/usr/lib/system/libsystem_product_info_filter.dylib
0x00007fff29247000 	/usr/lib/system/libsystem_sandbox.dylib
0x00007fff2a697000 	/usr/lib/system/libsystem_secinit.dylib
0x00007fff20324000 	/usr/lib/system/libsystem_kernel.dylib
0x00007fff2039a000 	/usr/lib/system/libsystem_platform.dylib
0x00007fff20353000 	/usr/lib/system/libsystem_pthread.dylib
0x00007fff261ff000 	/usr/lib/system/libsystem_symptoms.dylib
0x00007fff200c6000 	/usr/lib/system/libsystem_trace.dylib
0x00007fff2a66e000 	/usr/lib/system/libunwind.dylib
0x00007fff20090000 	/usr/lib/system/libxpc.dylib
0x00007fff2030b000 	/usr/lib/libc++abi.dylib
0x00007fff2a679000 	/usr/lib/liboah.dylib
0x00007fff2ad3d000 	/usr/lib/liblzma.5.dylib
0x00007fff20dc6000 	/System/Library/Frameworks/SystemConfiguration.framework/Versions/A/SystemConfiguration
0x00007fff2a6ae000 	/usr/lib/libfakelink.dylib
0x00007fff245c8000 	/System/Library/Frameworks/CFNetwork.framework/Versions/A/CFNetwork
0x00007fff2a7ee000 	/usr/lib/libarchive.2.dylib
0x00007fff20e44000 	/usr/lib/libCRFSuite.dylib
0x00007fff29e7d000 	/usr/lib/libbsm.0.dylib
0x00007fff23f84000 	/usr/lib/libnetwork.dylib
0x00007fff2a6b3000 	/usr/lib/libpcap.A.dylib
0x00007fff261f8000 	/usr/lib/libdns_services.dylib
0x00007fff2ad56000 	/usr/lib/libcoretls_cfhelpers.dylib
0x00007fff2a8f2000 	/usr/lib/libapple_nghttp2.dylib
0x00007fff2a646000 	/usr/lib/system/libkxld.dylib
0x00007fff25e66000 	/usr/lib/libsqlite3.dylib
0x00007fff2a3ba000 	/System/Library/PrivateFrameworks/AppleFSCompression.framework/Versions/A/AppleFSCompression
0x00007fff29e65000 	/usr/lib/libcoretls.dylib
0x00007fff2a91f000 	/usr/lib/libpam.2.dylib
0x00007fff2ae52000 	/usr/lib/libxar.1.dylib
0x00007fff2924e000 	/System/Library/PrivateFrameworks/AppleSystemInfo.framework/Versions/A/AppleSystemInfo
0x00007fff29aa8000 	/System/Library/PrivateFrameworks/IOMobileFramebuffer.framework/Versions/A/IOMobileFramebuffer
0x00007fff2a3ca000 	/usr/lib/libbz2.1.0.dylib
0x00007fff2a6eb000 	/usr/lib/libiconv.2.dylib
0x00007fff2a63f000 	/usr/lib/libcharset.1.dylib
0x00007fff273a6000 	/System/Library/Frameworks/CoreServices.framework/Versions/A/Frameworks/FSEvents.framework/Versions/A/FSEvents
0x00007fff226fb000 	/System/Library/Frameworks/CoreServices.framework/Versions/A/Frameworks/CarbonCore.framework/Versions/A/CarbonCore
0x00007fff26401000 	/System/Library/Frameworks/CoreServices.framework/Versions/A/Frameworks/Metadata.framework/Versions/A/Metadata
0x00007fff2a3dd000 	/System/Library/Frameworks/CoreServices.framework/Versions/A/Frameworks/OSServices.framework/Versions/A/OSServices
0x00007fff2a860000 	/System/Library/Frameworks/CoreServices.framework/Versions/A/Frameworks/SearchKit.framework/Versions/A/SearchKit
0x00007fff26182000 	/System/Library/Frameworks/CoreServices.framework/Versions/A/Frameworks/AE.framework/Versions/A/AE
0x00007fff2086c000 	/System/Library/Frameworks/CoreServices.framework/Versions/A/Frameworks/LaunchServices.framework/Versions/A/LaunchServices
0x00007fff2acee000 	/System/Library/Frameworks/CoreServices.framework/Versions/A/Frameworks/DictionaryServices.framework/Versions/A/DictionaryServices
0x00007fff273af000 	/System/Library/Frameworks/CoreServices.framework/Versions/A/Frameworks/SharedFileList.framework/Versions/A/SharedFileList
0x00007fff29e59000 	/usr/lib/libCheckFix.dylib
0x00007fff24ae9000 	/System/Library/PrivateFrameworks/TCC.framework/Versions/A/TCC
0x00007fff29254000 	/System/Library/PrivateFrameworks/CoreNLP.framework/Versions/A/CoreNLP
0x00007fff263b4000 	/System/Library/PrivateFrameworks/MetadataUtilities.framework/Versions/A/MetadataUtilities
0x00007fff20e7a000 	/usr/lib/libmecabra.dylib
0x00007fff2a16d000 	/System/Library/Frameworks/MLCompute.framework/Versions/A/MLCompute
0x00007fff29e8e000 	/usr/lib/libmecab.dylib
0x00007fff29ed8000 	/usr/lib/libgermantok.dylib
0x00007fff2a8c8000 	/usr/lib/libThaiTokenizer.dylib
0x00007fff2ae8d000 	/usr/lib/libChineseTokenizer.dylib
0x00007fff2a91d000 	/System/Library/Frameworks/MetalPerformanceShaders.framework/Versions/A/MetalPerformanceShaders
0x00007fff264a3000 	/System/Library/Frameworks/Accelerate.framework/Versions/A/Frameworks/vImage.framework/Versions/A/vImage
0x00007fff301c3000 	/System/Library/Frameworks/Accelerate.framework/Versions/A/Frameworks/vecLib.framework/Versions/A/vecLib
0x00007fff2ae98000 	/System/Library/Frameworks/Accelerate.framework/Versions/A/Frameworks/vecLib.framework/Versions/A/libvMisc.dylib
0x00007fff29904000 	/System/Library/Frameworks/Accelerate.framework/Versions/A/Frameworks/vecLib.framework/Versions/A/libvDSP.dylib
0x00007fff20b70000 	/System/Library/Frameworks/Accelerate.framework/Versions/A/Frameworks/vecLib.framework/Versions/A/libBLAS.dylib
0x00007fff2a943000 	/System/Library/Frameworks/Accelerate.framework/Versions/A/Frameworks/vecLib.framework/Versions/A/libLAPACK.dylib
0x00007fff29ede000 	/System/Library/Frameworks/Accelerate.framework/Versions/A/Frameworks/vecLib.framework/Versions/A/libLinearAlgebra.dylib
0x00007fff2a90a000 	/System/Library/Frameworks/Accelerate.framework/Versions/A/Frameworks/vecLib.framework/Versions/A/libSparseBLAS.dylib
0x00007fff2a93d000 	/System/Library/Frameworks/Accelerate.framework/Versions/A/Frameworks/vecLib.framework/Versions/A/libQuadrature.dylib
0x00007fff292fc000 	/System/Library/Frameworks/Accelerate.framework/Versions/A/Frameworks/vecLib.framework/Versions/A/libBNNS.dylib
0x00007fff20d57000 	/System/Library/Frameworks/Accelerate.framework/Versions/A/Frameworks/vecLib.framework/Versions/A/libSparse.dylib
0x00007fff291e7000 	/System/Library/Frameworks/MetalPerformanceShaders.framework/Versions/A/Frameworks/MPSCore.framework/Versions/A/MPSCore
0x00007fff2a329000 	/System/Library/Frameworks/MetalPerformanceShaders.framework/Versions/A/Frameworks/MPSImage.framework/Versions/A/MPSImage
0x00007fff29ef5000 	/System/Library/Frameworks/MetalPerformanceShaders.framework/Versions/A/Frameworks/MPSNeuralNetwork.framework/Versions/A/MPSNeuralNetwork
0x00007fff2a2b4000 	/System/Library/Frameworks/MetalPerformanceShaders.framework/Versions/A/Frameworks/MPSMatrix.framework/Versions/A/MPSMatrix
0x00007fff2a11d000 	/System/Library/Frameworks/MetalPerformanceShaders.framework/Versions/A/Frameworks/MPSRayIntersector.framework/Versions/A/MPSRayIntersector
0x00007fff2a2eb000 	/System/Library/Frameworks/MetalPerformanceShaders.framework/Versions/A/Frameworks/MPSNDArray.framework/Versions/A/MPSNDArray
0x00007fff20a9c000 	/System/Library/PrivateFrameworks/MetalTools.framework/Versions/A/MetalTools
0x00007fff2924c000 	/System/Library/PrivateFrameworks/AggregateDictionary.framework/Versions/A/AggregateDictionary
0x00007fff2638c000 	/System/Library/PrivateFrameworks/CoreAnalytics.framework/Versions/A/CoreAnalytics
0x00007fff2a8ca000 	/System/Library/PrivateFrameworks/AppleSauce.framework/Versions/A/AppleSauce
0x00007fff28556000 	/System/Library/PrivateFrameworks/IOAccelerator.framework/Versions/A/IOAccelerator
0x00007fff6cae7000 	/System/Library/Frameworks/OpenGL.framework/Versions/A/Libraries/libCoreFSCache.dylib
0x00007fff21416000 	/System/Library/PrivateFrameworks/LanguageModeling.framework/Versions/A/LanguageModeling
0x00007fff29a95000 	/System/Library/PrivateFrameworks/CoreEmoji.framework/Versions/A/CoreEmoji
0x00007fff292f5000 	/System/Library/PrivateFrameworks/LinguisticData.framework/Versions/A/LinguisticData
0x00007fff20d09000 	/System/Library/PrivateFrameworks/Lexicon.framework/Versions/A/Lexicon
0x00007fff2a7dc000 	/usr/lib/libcmph.dylib
0x00007fff27386000 	/System/Library/Frameworks/OpenDirectory.framework/Versions/A/Frameworks/CFOpenDirectory.framework/Versions/A/CFOpenDirectory
0x00007fff27376000 	/System/Library/Frameworks/OpenDirectory.framework/Versions/A/OpenDirectory
0x00007fff2ad58000 	/System/Library/PrivateFrameworks/APFS.framework/Versions/A/APFS
0x00007fff29dba000 	/System/Library/Frameworks/SecurityFoundation.framework/Versions/A/SecurityFoundation
0x00007fff2ae60000 	/usr/lib/libutil.dylib
0x00007fff22a22000 	/System/Library/PrivateFrameworks/CoreServicesStore.framework/Versions/A/CoreServicesStore
0x00007fff29e51000 	/System/Library/Frameworks/ServiceManagement.framework/Versions/A/ServiceManagement
0x00007fff2ae64000 	/usr/lib/libxslt.1.dylib
0x00007fff29e47000 	/System/Library/PrivateFrameworks/BackgroundTaskManagement.framework/Versions/A/BackgroundTaskManagement
0x00007fff2bfa4000 	/System/Library/Frameworks/ImageIO.framework/Versions/A/Resources/libRadiance.dylib
0x00007fff2bfad000 	/System/Library/Frameworks/ImageIO.framework/Versions/A/Resources/libJPEG.dylib
0x00007fff2befd000 	/System/Library/Frameworks/ImageIO.framework/Versions/A/Resources/libPng.dylib
0x00007fff2bf24000 	/System/Library/Frameworks/ImageIO.framework/Versions/A/Resources/libTIFF.dylib
0x00007fff2c002000 	/System/Library/Frameworks/ImageIO.framework/Versions/A/Resources/libGIF.dylib
0x00007fff2bc61000 	/System/Library/Frameworks/ImageIO.framework/Versions/A/Resources/libJP2.dylib
0x00007fff2b34b000 	/usr/lib/libexpat.1.dylib
0x00007fff2bc16000 	/System/Library/PrivateFrameworks/AppleJPEG.framework/Versions/A/AppleJPEG
0x00007fff2878c000 	/System/Library/PrivateFrameworks/FontServices.framework/libFontParser.dylib
0x00007fff26136000 	/System/Library/PrivateFrameworks/RunningBoardServices.framework/Versions/A/RunningBoardServices
0x00007fff2bd3f000 	/System/Library/PrivateFrameworks/WatchdogClient.framework/Versions/A/WatchdogClient
0x00007fff21503000 	/System/Library/Frameworks/CoreDisplay.framework/Versions/A/CoreDisplay
0x00007fff286a2000 	/System/Library/Frameworks/CoreMedia.framework/Versions/A/CoreMedia
0x00007fff27503000 	/System/Library/Frameworks/CoreVideo.framework/Versions/A/CoreVideo
0x00007fff2bd77000 	/System/Library/Frameworks/VideoToolbox.framework/Versions/A/VideoToolbox
0x00007fff260b4000 	/System/Library/PrivateFrameworks/BaseBoard.framework/Versions/A/BaseBoard
0x00007fff2b490000 	/System/Library/PrivateFrameworks/PersistentConnection.framework/Versions/A/PersistentConnection
0x00007fff25e4f000 	/System/Library/PrivateFrameworks/ProtocolBuffer.framework/Versions/A/ProtocolBuffer
0x00007fff2609b000 	/System/Library/PrivateFrameworks/CommonUtilities.framework/Versions/A/CommonUtilities
0x00007fff2bbab000 	/System/Library/PrivateFrameworks/Bom.framework/Versions/A/Bom
0x00007fff2bf9d000 	/System/Library/PrivateFrameworks/GPUWrangler.framework/Versions/A/GPUWrangler
0x00007fff2bf82000 	/System/Library/PrivateFrameworks/IOPresentment.framework/Versions/A/IOPresentment
0x00007fff2bfa7000 	/System/Library/PrivateFrameworks/DSExternalDisplay.framework/Versions/A/DSExternalDisplay
0x00007fff2c007000 	/System/Library/PrivateFrameworks/CMCaptureCore.framework/Versions/A/CMCaptureCore
0x00007fff2b930000 	/System/Library/PrivateFrameworks/AppServerSupport.framework/Versions/A/AppServerSupport
0x00007fff2d9da000 	/System/Library/PrivateFrameworks/perfdata.framework/Versions/A/perfdata
0x00007fff29da9000 	/System/Library/PrivateFrameworks/AssertionServices.framework/Versions/A/AssertionServices
0x00007fff2163a000 	/System/Library/PrivateFrameworks/AudioToolboxCore.framework/Versions/A/AudioToolboxCore
0x00007fff28685000 	/System/Library/PrivateFrameworks/caulk.framework/Versions/A/caulk
0x00007fff3d667000 	/System/Library/PrivateFrameworks/SystemPolicy.framework/Versions/A/SystemPolicy
0x00007fff2b140000 	/usr/lib/libIOReport.dylib
0x00007fff2d1fc000 	/usr/lib/libSMC.dylib
0x00007fff2beca000 	/usr/lib/libAudioToolboxUtility.dylib
0x00007fff3dfd1000 	/usr/lib/libmis.dylib
0x00007fff6cb43000 	/System/Library/Frameworks/OpenGL.framework/Versions/A/Libraries/libGLU.dylib
0x00007fff6cb06000 	/System/Library/Frameworks/OpenGL.framework/Versions/A/Libraries/libGFXShared.dylib
0x00007fff6cd15000 	/System/Library/Frameworks/OpenGL.framework/Versions/A/Libraries/libGL.dylib
0x00007fff6cb0f000 	/System/Library/Frameworks/OpenGL.framework/Versions/A/Libraries/libGLImage.dylib
0x00007fff6cb03000 	/System/Library/Frameworks/OpenGL.framework/Versions/A/Libraries/libCVMSPluginSupport.dylib
0x00007fff6caee000 	/System/Library/Frameworks/OpenGL.framework/Versions/A/Libraries/libCoreVMClient.dylib
0x00007fff6e156000 	/System/Library/Frameworks/OpenCL.framework/Versions/A/OpenCL
0x00007fff2b4ba000 	/System/Library/PrivateFrameworks/GraphVisualizer.framework/Versions/A/GraphVisualizer
0x00007fff2b4c9000 	/System/Library/PrivateFrameworks/FaceCore.framework/Versions/A/FaceCore
0x00007fff2b8e5000 	/System/Library/PrivateFrameworks/OTSVG.framework/Versions/A/OTSVG
0x00007fff270fa000 	/System/Library/Frameworks/ApplicationServices.framework/Versions/A/Frameworks/ATS.framework/Versions/A/Resources/libFontRegistry.dylib
0x00007fff2b937000 	/System/Library/PrivateFrameworks/FontServices.framework/libhvf.dylib
0x00007fff2b2f7000 	/System/Library/PrivateFrameworks/AppleVA.framework/Versions/A/AppleVA
0x00007fff2d045000 	/System/Library/Frameworks/ApplicationServices.framework/Versions/A/Frameworks/ATS.framework/Versions/A/ATS
0x00007fff2d357000 	/System/Library/Frameworks/ApplicationServices.framework/Versions/A/Frameworks/ColorSyncLegacy.framework/Versions/A/ColorSyncLegacy
0x00007fff25618000 	/System/Library/Frameworks/ApplicationServices.framework/Versions/A/Frameworks/HIServices.framework/Versions/A/HIServices
0x00007fff2d33c000 	/System/Library/Frameworks/ApplicationServices.framework/Versions/A/Frameworks/LangAnalysis.framework/Versions/A/LangAnalysis
0x00007fff2c011000 	/System/Library/Frameworks/ApplicationServices.framework/Versions/A/Frameworks/PrintCore.framework/Versions/A/PrintCore
0x00007fff2d35f000 	/System/Library/Frameworks/ApplicationServices.framework/Versions/A/Frameworks/QD.framework/Versions/A/QD
0x00007fff2d035000 	/System/Library/Frameworks/ApplicationServices.framework/Versions/A/Frameworks/SpeechSynthesis.framework/Versions/A/SpeechSynthesis
0x00007fff2bfd2000 	/System/Library/Frameworks/ApplicationServices.framework/Versions/A/Frameworks/ATSUI.framework/Versions/A/ATSUI
0x00007fff2d2dc000 	/usr/lib/libcups.2.dylib
0x00007fff2d34c000 	/System/Library/PrivateFrameworks/NetAuth.framework/Versions/A/NetAuth
0x00007fff2d9f6000 	/System/Library/Frameworks/Kerberos.framework/Versions/A/Kerberos
0x00007fff2da06000 	/System/Library/Frameworks/GSS.framework/Versions/A/GSS
0x00007fff2d0b1000 	/usr/lib/libresolv.9.dylib
0x00007fff2b94c000 	/System/Library/PrivateFrameworks/Heimdal.framework/Versions/A/Heimdal
0x00007fff3377d000 	/System/Library/Frameworks/Kerberos.framework/Versions/A/Libraries/libHeimdalProxy.dylib
0x00007fff26207000 	/System/Library/Frameworks/Network.framework/Versions/A/Network
0x00007fff2b365000 	/usr/lib/libheimdal-asn1.dylib
0x00007fff2da56000 	/System/Library/PrivateFrameworks/CommonAuth.framework/Versions/A/CommonAuth
0x00007fff27550000 	/System/Library/PrivateFrameworks/login.framework/Versions/A/Frameworks/loginsupport.framework/Versions/A/loginsupport
0x00007fff2cfba000 	/System/Library/PrivateFrameworks/AudioSession.framework/Versions/A/AudioSession
0x00007fff2d022000 	/usr/lib/libAudioStatistics.dylib
0x00007fff2b3f2000 	/System/Library/PrivateFrameworks/MediaExperience.framework/Versions/A/MediaExperience
0x00007fff2ce57000 	/System/Library/PrivateFrameworks/AudioSession.framework/libSessionUtility.dylib
0x00007fff2d9e7000 	/usr/lib/libperfcheck.dylib
0x00007fff2d36b000 	/System/Library/PrivateFrameworks/AudioResourceArbitration.framework/Versions/A/AudioResourceArbitration
0x00007fff2b36f000 	/System/Library/PrivateFrameworks/IconFoundation.framework/Versions/A/IconFoundation
0x00007fff2fe8d000 	/System/Library/PrivateFrameworks/SpeechRecognitionCore.framework/Versions/A/SpeechRecognitionCore
0x00007fff5df1e000 	/System/Library/CoreServices/Encodings/libKoreanConverter.dylib
0x0000000111000000 	/Users/gimmingyun/Library/Java/JavaVirtualMachines/corretto-1.8.0_282/Contents/Home/jre/lib/server/libjvm.dylib
0x000000010cf2c000 	/Users/gimmingyun/Library/Java/JavaVirtualMachines/corretto-1.8.0_282/Contents/Home/jre/lib/libverify.dylib
0x000000010cf4e000 	/Users/gimmingyun/Library/Java/JavaVirtualMachines/corretto-1.8.0_282/Contents/Home/jre/lib/libjava.dylib
0x000000010cfd0000 	/Users/gimmingyun/Library/Java/JavaVirtualMachines/corretto-1.8.0_282/Contents/Home/jre/lib/libzip.dylib
0x000000012560b000 	/Users/gimmingyun/Library/Java/JavaVirtualMachines/corretto-1.8.0_282/Contents/Home/jre/lib/libnio.dylib
0x0000000125636000 	/Users/gimmingyun/Library/Java/JavaVirtualMachines/corretto-1.8.0_282/Contents/Home/jre/lib/libnet.dylib

VM Arguments:
jvm_args: -Djava.security.manager=worker.org.gradle.process.internal.worker.child.BootstrapSecurityManager -Dorg.gradle.native=false -Xmx512m -Dfile.encoding=UTF-8 -Duser.country=KR -Duser.language=ko -Duser.variant -ea 
java_command: worker.org.gradle.process.internal.worker.GradleWorkerMain 'Gradle Test Executor 1'
java_class_path (initial): /Users/gimmingyun/.gradle/caches/6.7/workerMain/gradle-worker.jar
Launcher Type: SUN_STANDARD

Environment Variables:
PATH=/usr/local/bin:/usr/bin:/bin:/usr/sbin:/sbin
SHELL=/bin/zsh

Signal Handlers:
SIGSEGV: [libjvm.dylib+0x5c14ab], sa_mask[0]=11111111111111111111111111111111, sa_flags=SA_ONSTACK|SA_RESTART|SA_SIGINFO
SIGBUS: [libjvm.dylib+0x5c14ab], sa_mask[0]=11111111111111111111111111111111, sa_flags=SA_RESTART|SA_SIGINFO
SIGFPE: [libjvm.dylib+0x4a37e9], sa_mask[0]=11111111111111111111111111111111, sa_flags=SA_RESTART|SA_SIGINFO
SIGPIPE: [libjvm.dylib+0x4a37e9], sa_mask[0]=11111111111111111111111111111111, sa_flags=SA_RESTART|SA_SIGINFO
SIGXFSZ: [libjvm.dylib+0x4a37e9], sa_mask[0]=11111111111111111111111111111111, sa_flags=SA_RESTART|SA_SIGINFO
SIGILL: [libjvm.dylib+0x4a37e9], sa_mask[0]=11111111111111111111111111111111, sa_flags=SA_RESTART|SA_SIGINFO
SIGUSR1: SIG_DFL, sa_mask[0]=00000000000000000000000000000000, sa_flags=none
SIGUSR2: [libjvm.dylib+0x4a40f1], sa_mask[0]=00100000000000000000000000000000, sa_flags=SA_RESTART|SA_SIGINFO
SIGHUP: [libjvm.dylib+0x4a22f9], sa_mask[0]=11111111111111111111111111111111, sa_flags=SA_RESTART|SA_SIGINFO
SIGINT: [libjvm.dylib+0x4a22f9], sa_mask[0]=11111111111111111111111111111111, sa_flags=SA_RESTART|SA_SIGINFO
SIGTERM: [libjvm.dylib+0x4a22f9], sa_mask[0]=11111111111111111111111111111111, sa_flags=SA_RESTART|SA_SIGINFO
SIGQUIT: [libjvm.dylib+0x4a22f9], sa_mask[0]=11111111111111111111111111111111, sa_flags=SA_RESTART|SA_SIGINFO


---------------  S Y S T E M  ---------------

OS:Bsduname:Darwin 20.2.0 Darwin Kernel Version 20.2.0: Wed Dec  2 20:40:21 PST 2020; root:xnu-7195.60.75~1/RELEASE_ARM64_T8101 x86_64
rlimit: STACK 8176k, CORE 0k, NPROC 1333, NOFILE 10240, AS infinity
load average:2.07 1.64 1.62

CPU:total 8 (initial active 8) (1 cores per cpu, 1 threads per core) family 6 model 44 stepping 0, cmov, cx8, fxsr, mmx, sse, sse2, sse3, ssse3, sse4.1, sse4.2, popcnt, aes, clmul, tsc, tscinvbit, tscinv

Memory: 4k page, physical 8388608k(19220k free)

/proc/meminfo:


vm_info: OpenJDK 64-Bit Server VM (25.282-b08) for bsd-amd64 JRE (1.8.0_282-b08), built on Jan 11 2021 15:54:46 by "corretto" with gcc 4.2.1 Compatible Apple LLVM 6.1.0 (clang-602.0.53)

time: Thu Apr  8 14:40:02 2021
timezone: KST
elapsed time: 0.971777 seconds (0d 0h 0m 0s)

